# JRE version: Java(TM) SE Runtime Environment (8.0_101-b13) (build 1.8.0_101-b13)
# Java VM: Java HotSpot(TM) 64-Bit Server VM (25.101-b13 mixed mode linux-amd64 compressed oops)
Heap:
 PSYoungGen      total 104448K, used 15165K [0x00000000f5580000, 0x00000000fcb00000, 0x0000000100000000)
  eden space 90624K, 16% used [0x00000000f5580000,0x00000000f644f428,0x00000000fae00000)
  from space 13824K, 0% used [0x00000000fbd80000,0x00000000fbd80000,0x00000000fcb00000)
  to   space 14848K, 0% used [0x00000000fae00000,0x00000000fae00000,0x00000000fbc80000)
 ParOldGen       total 74752K, used 37454K [0x00000000e0000000, 0x00000000e4900000, 0x00000000f5580000)
  object space 74752K, 50% used [0x00000000e0000000,0x00000000e2493b40,0x00000000e4900000)
 Metaspace       used 75477K, capacity 81580K, committed 82048K, reserved 1120256K
  class space    used 9395K, capacity 11304K, committed 11392K, reserved 1048576K
GC Heap History (10 events):
Event: 826,668 GC heap before
{Heap before GC invocations=46 (full 16):
 PSYoungGen      total 106496K, used 96K [0x00000000f5580000, 0x00000000fcf00000, 0x0000000100000000)
  eden space 90624K, 0% used [0x00000000f5580000,0x00000000f5580000,0x00000000fae00000)
  from space 15872K, 0% used [0x00000000fbf80000,0x00000000fbf98000,0x00000000fcf00000)
  to   space 16896K, 0% used [0x00000000fae00000,0x00000000fae00000,0x00000000fbe80000)
 ParOldGen       total 74752K, used 37161K [0x00000000e0000000, 0x00000000e4900000, 0x00000000f5580000)
  object space 74752K, 49% used [0x00000000e0000000,0x00000000e244a518,0x00000000e4900000)
 Metaspace       used 75229K, capacity 81388K, committed 81792K, reserved 1120256K
  class space    used 9394K, capacity 11304K, committed 11392K, reserved 1048576K
Event: 826,933 GC heap after
Heap after GC invocations=46 (full 16):
 PSYoungGen      total 106496K, used 0K [0x00000000f5580000, 0x00000000fcf00000, 0x0000000100000000)
  eden space 90624K, 0% used [0x00000000f5580000,0x00000000f5580000,0x00000000fae00000)
  from space 15872K, 0% used [0x00000000fbf80000,0x00000000fbf80000,0x00000000fcf00000)
  to   space 16896K, 0% used [0x00000000fae00000,0x00000000fae00000,0x00000000fbe80000)
 ParOldGen       total 74752K, used 37146K [0x00000000e0000000, 0x00000000e4900000, 0x00000000f5580000)
  object space 74752K, 49% used [0x00000000e0000000,0x00000000e2446b30,0x00000000e4900000)
 Metaspace       used 75200K, capacity 81340K, committed 81792K, reserved 1120256K
  class space    used 9390K, capacity 11296K, committed 11392K, reserved 1048576K
}
Event: 886,661 GC heap before
{Heap before GC invocations=47 (full 16):
 PSYoungGen      total 106496K, used 1858K [0x00000000f5580000, 0x00000000fcf00000, 0x0000000100000000)
  eden space 90624K, 2% used [0x00000000f5580000,0x00000000f5750bc0,0x00000000fae00000)
  from space 15872K, 0% used [0x00000000fbf80000,0x00000000fbf80000,0x00000000fcf00000)
  to   space 16896K, 0% used [0x00000000fae00000,0x00000000fae00000,0x00000000fbe80000)
 ParOldGen       total 74752K, used 37146K [0x00000000e0000000, 0x00000000e4900000, 0x00000000f5580000)
  object space 74752K, 49% used [0x00000000e0000000,0x00000000e2446b30,0x00000000e4900000)
 Metaspace       used 75200K, capacity 81340K, committed 81792K, reserved 1120256K
  class space    used 9390K, capacity 11296K, committed 11392K, reserved 1048576K
Event: 886,666 GC heap after
Heap after GC invocations=47 (full 16):
 PSYoungGen      total 91136K, used 32K [0x00000000f5580000, 0x00000000fcd00000, 0x0000000100000000)
  eden space 90624K, 0% used [0x00000000f5580000,0x00000000f5580000,0x00000000fae00000)
  from space 512K, 6% used [0x00000000fae00000,0x00000000fae08000,0x00000000fae80000)
  to   space 15872K, 0% used [0x00000000fbd80000,0x00000000fbd80000,0x00000000fcd00000)
 ParOldGen       total 74752K, used 37146K [0x00000000e0000000, 0x00000000e4900000, 0x00000000f5580000)
  object space 74752K, 49% used [0x00000000e0000000,0x00000000e2446b30,0x00000000e4900000)
 Metaspace       used 75200K, capacity 81340K, committed 81792K, reserved 1120256K
  class space    used 9390K, capacity 11296K, committed 11392K, reserved 1048576K
}
Event: 886,666 GC heap before
{Heap before GC invocations=48 (full 17):
 PSYoungGen      total 91136K, used 32K [0x00000000f5580000, 0x00000000fcd00000, 0x0000000100000000)
  eden space 90624K, 0% used [0x00000000f5580000,0x00000000f5580000,0x00000000fae00000)
  from space 512K, 6% used [0x00000000fae00000,0x00000000fae08000,0x00000000fae80000)
  to   space 15872K, 0% used [0x00000000fbd80000,0x00000000fbd80000,0x00000000fcd00000)
 ParOldGen       total 74752K, used 37146K [0x00000000e0000000, 0x00000000e4900000, 0x00000000f5580000)
  object space 74752K, 49% used [0x00000000e0000000,0x00000000e2446b30,0x00000000e4900000)
 Metaspace       used 75200K, capacity 81340K, committed 81792K, reserved 1120256K
  class space    used 9390K, capacity 11296K, committed 11392K, reserved 1048576K
Event: 886,840 GC heap after
Heap after GC invocations=48 (full 17):
 PSYoungGen      total 91136K, used 0K [0x00000000f5580000, 0x00000000fcd00000, 0x0000000100000000)
  eden space 90624K, 0% used [0x00000000f5580000,0x00000000f5580000,0x00000000fae00000)
  from space 512K, 0% used [0x00000000fae00000,0x00000000fae00000,0x00000000fae80000)
  to   space 15872K, 0% used [0x00000000fbd80000,0x00000000fbd80000,0x00000000fcd00000)
 ParOldGen       total 74752K, used 37145K [0x00000000e0000000, 0x00000000e4900000, 0x00000000f5580000)
  object space 74752K, 49% used [0x00000000e0000000,0x00000000e2446420,0x00000000e4900000)
 Metaspace       used 75200K, capacity 81340K, committed 81792K, reserved 1120256K
  class space    used 9390K, capacity 11296K, committed 11392K, reserved 1048576K
}
Event: 946,662 GC heap before
{Heap before GC invocations=49 (full 17):
 PSYoungGen      total 91136K, used 15617K [0x00000000f5580000, 0x00000000fcd00000, 0x0000000100000000)
  eden space 90624K, 17% used [0x00000000f5580000,0x00000000f64c06c0,0x00000000fae00000)
  from space 512K, 0% used [0x00000000fae00000,0x00000000fae00000,0x00000000fae80000)
  to   space 15872K, 0% used [0x00000000fbd80000,0x00000000fbd80000,0x00000000fcd00000)
 ParOldGen       total 74752K, used 37145K [0x00000000e0000000, 0x00000000e4900000, 0x00000000f5580000)
  object space 74752K, 49% used [0x00000000e0000000,0x00000000e2446420,0x00000000e4900000)
 Metaspace       used 75325K, capacity 81416K, committed 81792K, reserved 1120256K
  class space    used 9392K, capacity 11298K, committed 11392K, reserved 1048576K
Event: 946,672 GC heap after
Heap after GC invocations=49 (full 17):
 PSYoungGen      total 104448K, used 800K [0x00000000f5580000, 0x00000000fcb00000, 0x0000000100000000)
  eden space 90624K, 0% used [0x00000000f5580000,0x00000000f5580000,0x00000000fae00000)
  from space 13824K, 5% used [0x00000000fbd80000,0x00000000fbe48000,0x00000000fcb00000)
  to   space 14848K, 0% used [0x00000000fae00000,0x00000000fae00000,0x00000000fbc80000)
 ParOldGen       total 74752K, used 37153K [0x00000000e0000000, 0x00000000e4900000, 0x00000000f5580000)
  object space 74752K, 49% used [0x00000000e0000000,0x00000000e2448420,0x00000000e4900000)
 Metaspace       used 75325K, capacity 81416K, committed 81792K, reserved 1120256K
  class space    used 9392K, capacity 11298K, committed 11392K, reserved 1048576K
}
Event: 946,672 GC heap before
{Heap before GC invocations=50 (full 18):
 PSYoungGen      total 104448K, used 800K [0x00000000f5580000, 0x00000000fcb00000, 0x0000000100000000)
  eden space 90624K, 0% used [0x00000000f5580000,0x00000000f5580000,0x00000000fae00000)
  from space 13824K, 5% used [0x00000000fbd80000,0x00000000fbe48000,0x00000000fcb00000)
  to   space 14848K, 0% used [0x00000000fae00000,0x00000000fae00000,0x00000000fbc80000)
 ParOldGen       total 74752K, used 37153K [0x00000000e0000000, 0x00000000e4900000, 0x00000000f5580000)
  object space 74752K, 49% used [0x00000000e0000000,0x00000000e2448420,0x00000000e4900000)
 Metaspace       used 75325K, capacity 81416K, committed 81792K, reserved 1120256K
  class space    used 9392K, capacity 11298K, committed 11392K, reserved 1048576K
Event: 946,992 GC heap after
Heap after GC invocations=50 (full 18):
 PSYoungGen      total 104448K, used 0K [0x00000000f5580000, 0x00000000fcb00000, 0x0000000100000000)
  eden space 90624K, 0% used [0x00000000f5580000,0x00000000f5580000,0x00000000fae00000)
  from space 13824K, 0% used [0x00000000fbd80000,0x00000000fbd80000,0x00000000fcb00000)
  to   space 14848K, 0% used [0x00000000fae00000,0x00000000fae00000,0x00000000fbc80000)
 ParOldGen       total 74752K, used 37454K [0x00000000e0000000, 0x00000000e4900000, 0x00000000f5580000)
  object space 74752K, 50% used [0x00000000e0000000,0x00000000e2493b40,0x00000000e4900000)
 Metaspace       used 75325K, capacity 81416K, committed 81792K, reserved 1120256K
  class space    used 9392K, capacity 11298K, committed 11392K, reserved 1048576K
}

